Watching for file changes with StatReloader
D:\Thesis\Hoes\Sheba\SME\backend\data\views.py changed, reloading.
Performing system checks...

System check identified no issues (0 silenced).
November 07, 2025 - 21:44:59
Django version 5.2.7, using settings 'project.settings'
Starting development server at http://0.0.0.0:8000/
Quit the server with CTRL-BREAK.

WARNING: This is a development server. Do not use it in a production setting. Use a production WSGI or ASGI server instead.
For more information on production servers see: https://docs.djangoproject.com/en/5.2/howto/deployment/
Watching for file changes with StatReloader
D:\Thesis\Hoes\Sheba\SME\backend\data\views.py changed, reloading.
Performing system checks...

System check identified no issues (0 silenced).
November 07, 2025 - 21:53:56
Django version 5.2.7, using settings 'project.settings'
Starting development server at http://0.0.0.0:8000/
Quit the server with CTRL-BREAK.

WARNING: This is a development server. Do not use it in a production setting. Use a production WSGI or ASGI server instead.
For more information on production servers see: https://docs.djangoproject.com/en/5.2/howto/deployment/
Watching for file changes with StatReloader
D:\Thesis\Hoes\Sheba\SME\backend\data\views.py changed, reloading.
Performing system checks...

System check identified no issues (0 silenced).
November 07, 2025 - 21:54:03
Django version 5.2.7, using settings 'project.settings'
Starting development server at http://0.0.0.0:8000/
Quit the server with CTRL-BREAK.

WARNING: This is a development server. Do not use it in a production setting. Use a production WSGI or ASGI server instead.
For more information on production servers see: https://docs.djangoproject.com/en/5.2/howto/deployment/
Watching for file changes with StatReloader
D:\Thesis\Hoes\Sheba\SME\backend\data\views.py changed, reloading.
Performing system checks...

System check identified no issues (0 silenced).
November 07, 2025 - 22:13:54
Django version 5.2.7, using settings 'project.settings'
Starting development server at http://0.0.0.0:8000/
Quit the server with CTRL-BREAK.

WARNING: This is a development server. Do not use it in a production setting. Use a production WSGI or ASGI server instead.
For more information on production servers see: https://docs.djangoproject.com/en/5.2/howto/deployment/
Watching for file changes with StatReloader
D:\Thesis\Hoes\Sheba\SME\backend\data\models.py changed, reloading.
Performing system checks...

System check identified no issues (0 silenced).
November 07, 2025 - 22:14:59
Django version 5.2.7, using settings 'project.settings'
Starting development server at http://0.0.0.0:8000/
Quit the server with CTRL-BREAK.

WARNING: This is a development server. Do not use it in a production setting. Use a production WSGI or ASGI server instead.
For more information on production servers see: https://docs.djangoproject.com/en/5.2/howto/deployment/
Watching for file changes with StatReloader
D:\Thesis\Hoes\Sheba\SME\backend\data\admin.py changed, reloading.
Performing system checks...

System check identified no issues (0 silenced).
November 07, 2025 - 22:56:18
Django version 5.2.7, using settings 'project.settings'
Starting development server at http://0.0.0.0:8000/
Quit the server with CTRL-BREAK.

WARNING: This is a development server. Do not use it in a production setting. Use a production WSGI or ASGI server instead.
For more information on production servers see: https://docs.djangoproject.com/en/5.2/howto/deployment/
Watching for file changes with StatReloader
D:\Thesis\Hoes\Sheba\SME\backend\data\admin.py changed, reloading.
Performing system checks...

System check identified no issues (0 silenced).

You have 1 unapplied migration(s). Your project may not work properly until you apply the migrations for app(s): data.
Run 'python manage.py migrate' to apply them.
November 07, 2025 - 22:56:38
Django version 5.2.7, using settings 'project.settings'
Starting development server at http://0.0.0.0:8000/
Quit the server with CTRL-BREAK.

WARNING: This is a development server. Do not use it in a production setting. Use a production WSGI or ASGI server instead.
For more information on production servers see: https://docs.djangoproject.com/en/5.2/howto/deployment/
Watching for file changes with StatReloader
D:\Thesis\Hoes\Sheba\SME\backend\data\serializers.py changed, reloading.
Performing system checks...

System check identified no issues (0 silenced).

You have 1 unapplied migration(s). Your project may not work properly until you apply the migrations for app(s): data.
Run 'python manage.py migrate' to apply them.
November 07, 2025 - 22:56:48
Django version 5.2.7, using settings 'project.settings'
Starting development server at http://0.0.0.0:8000/
Quit the server with CTRL-BREAK.

WARNING: This is a development server. Do not use it in a production setting. Use a production WSGI or ASGI server instead.
For more information on production servers see: https://docs.djangoproject.com/en/5.2/howto/deployment/
Watching for file changes with StatReloader
D:\Thesis\Hoes\Sheba\SME\backend\data\serializers.py changed, reloading.
Performing system checks...

System check identified no issues (0 silenced).

You have 1 unapplied migration(s). Your project may not work properly until you apply the migrations for app(s): data.
Run 'python manage.py migrate' to apply them.
November 07, 2025 - 22:56:57
Django version 5.2.7, using settings 'project.settings'
Starting development server at http://0.0.0.0:8000/
Quit the server with CTRL-BREAK.

WARNING: This is a development server. Do not use it in a production setting. Use a production WSGI or ASGI server instead.
For more information on production servers see: https://docs.djangoproject.com/en/5.2/howto/deployment/
Watching for file changes with StatReloader
D:\Thesis\Hoes\Sheba\SME\backend\data\views.py changed, reloading.
Performing system checks...

System check identified no issues (0 silenced).

You have 1 unapplied migration(s). Your project may not work properly until you apply the migrations for app(s): data.
Run 'python manage.py migrate' to apply them.
November 07, 2025 - 22:57:06
Django version 5.2.7, using settings 'project.settings'
Starting development server at http://0.0.0.0:8000/
Quit the server with CTRL-BREAK.

WARNING: This is a development server. Do not use it in a production setting. Use a production WSGI or ASGI server instead.
For more information on production servers see: https://docs.djangoproject.com/en/5.2/howto/deployment/
Watching for file changes with StatReloader
D:\Thesis\Hoes\Sheba\SME\backend\data\views.py changed, reloading.
Performing system checks...

System check identified no issues (0 silenced).

You have 1 unapplied migration(s). Your project may not work properly until you apply the migrations for app(s): data.
Run 'python manage.py migrate' to apply them.
November 07, 2025 - 22:57:36
Django version 5.2.7, using settings 'project.settings'
Starting development server at http://0.0.0.0:8000/
Quit the server with CTRL-BREAK.

WARNING: This is a development server. Do not use it in a production setting. Use a production WSGI or ASGI server instead.
For more information on production servers see: https://docs.djangoproject.com/en/5.2/howto/deployment/
Watching for file changes with StatReloader
D:\Thesis\Hoes\Sheba\SME\backend\data\urls.py changed, reloading.
Performing system checks...

System check identified no issues (0 silenced).

You have 1 unapplied migration(s). Your project may not work properly until you apply the migrations for app(s): data.
Run 'python manage.py migrate' to apply them.
November 07, 2025 - 22:57:56
Django version 5.2.7, using settings 'project.settings'
Starting development server at http://0.0.0.0:8000/
Quit the server with CTRL-BREAK.

WARNING: This is a development server. Do not use it in a production setting. Use a production WSGI or ASGI server instead.
For more information on production servers see: https://docs.djangoproject.com/en/5.2/howto/deployment/
Watching for file changes with StatReloader
D:\Thesis\Hoes\Sheba\SME\backend\data\urls.py changed, reloading.
Performing system checks...

System check identified no issues (0 silenced).

You have 1 unapplied migration(s). Your project may not work properly until you apply the migrations for app(s): data.
Run 'python manage.py migrate' to apply them.
November 07, 2025 - 22:58:06
Django version 5.2.7, using settings 'project.settings'
Starting development server at http://0.0.0.0:8000/
Quit the server with CTRL-BREAK.

WARNING: This is a development server. Do not use it in a production setting. Use a production WSGI or ASGI server instead.
For more information on production servers see: https://docs.djangoproject.com/en/5.2/howto/deployment/
Watching for file changes with StatReloader
Exception in thread django-main-thread:
Traceback (most recent call last):
  File "C:\Python313\Lib\threading.py", line 1043, in _bootstrap_inner
    self.run()
    ~~~~~~~~^^
  File "C:\Python313\Lib\threading.py", line 994, in run
    self._target(*self._args, **self._kwargs)
    ~~~~~~~~~~~~^^^^^^^^^^^^^^^^^^^^^^^^^^^^^
  File "C:\Users\User\AppData\Roaming\Python\Python313\site-packages\django\utils\autoreload.py", line 64, in wrapper
    fn(*args, **kwargs)
    ~~^^^^^^^^^^^^^^^^^
  File "C:\Users\User\AppData\Roaming\Python\Python313\site-packages\django\core\management\commands\runserver.py", line 134, in inner_run
    self.check(**check_kwargs)
    ~~~~~~~~~~^^^^^^^^^^^^^^^^
  File "C:\Users\User\AppData\Roaming\Python\Python313\site-packages\django\core\management\base.py", line 492, in check
    all_issues = checks.run_checks(
        app_configs=app_configs,
    ...<2 lines>...
        databases=databases,
    )
  File "C:\Users\User\AppData\Roaming\Python\Python313\site-packages\django\core\checks\registry.py", line 89, in run_checks
    new_errors = check(app_configs=app_configs, databases=databases)
  File "C:\Users\User\AppData\Roaming\Python\Python313\site-packages\django\core\checks\urls.py", line 16, in check_url_config
    return check_resolver(resolver)
  File "C:\Users\User\AppData\Roaming\Python\Python313\site-packages\django\core\checks\urls.py", line 26, in check_resolver
    return check_method()
  File "C:\Users\User\AppData\Roaming\Python\Python313\site-packages\django\urls\resolvers.py", line 531, in check
    for pattern in self.url_patterns:
                   ^^^^^^^^^^^^^^^^^
  File "C:\Users\User\AppData\Roaming\Python\Python313\site-packages\django\utils\functional.py", line 47, in __get__
    res = instance.__dict__[self.name] = self.func(instance)
                                         ~~~~~~~~~^^^^^^^^^^
  File "C:\Users\User\AppData\Roaming\Python\Python313\site-packages\django\urls\resolvers.py", line 718, in url_patterns
    patterns = getattr(self.urlconf_module, "urlpatterns", self.urlconf_module)
                       ^^^^^^^^^^^^^^^^^^^
  File "C:\Users\User\AppData\Roaming\Python\Python313\site-packages\django\utils\functional.py", line 47, in __get__
    res = instance.__dict__[self.name] = self.func(instance)
                                         ~~~~~~~~~^^^^^^^^^^
  File "C:\Users\User\AppData\Roaming\Python\Python313\site-packages\django\urls\resolvers.py", line 711, in urlconf_module
    return import_module(self.urlconf_name)
  File "C:\Python313\Lib\importlib\__init__.py", line 88, in import_module
    return _bootstrap._gcd_import(name[level:], package, level)
           ~~~~~~~~~~~~~~~~~~~~~~^^^^^^^^^^^^^^^^^^^^^^^^^^^^^^
  File "<frozen importlib._bootstrap>", line 1387, in _gcd_import
  File "<frozen importlib._bootstrap>", line 1360, in _find_and_load
  File "<frozen importlib._bootstrap>", line 1331, in _find_and_load_unlocked
  File "<frozen importlib._bootstrap>", line 935, in _load_unlocked
  File "<frozen importlib._bootstrap_external>", line 1026, in exec_module
  File "<frozen importlib._bootstrap>", line 488, in _call_with_frames_removed
  File "D:\Thesis\Hoes\Sheba\SME\backend\project\urls.py", line 15, in <module>
    path('api/data/', include('data.urls')),
                      ~~~~~~~^^^^^^^^^^^^^
  File "C:\Users\User\AppData\Roaming\Python\Python313\site-packages\django\urls\conf.py", line 39, in include
    urlconf_module = import_module(urlconf_module)
  File "C:\Python313\Lib\importlib\__init__.py", line 88, in import_module
    return _bootstrap._gcd_import(name[level:], package, level)
           ~~~~~~~~~~~~~~~~~~~~~~^^^^^^^^^^^^^^^^^^^^^^^^^^^^^^
  File "<frozen importlib._bootstrap>", line 1387, in _gcd_import
  File "<frozen importlib._bootstrap>", line 1360, in _find_and_load
  File "<frozen importlib._bootstrap>", line 1331, in _find_and_load_unlocked
  File "<frozen importlib._bootstrap>", line 935, in _load_unlocked
  File "<frozen importlib._bootstrap_external>", line 1026, in exec_module
  File "<frozen importlib._bootstrap>", line 488, in _call_with_frames_removed
  File "D:\Thesis\Hoes\Sheba\SME\backend\data\urls.py", line 35, in <module>
    path('inventory/adjust-stock/', views.adjust_inventory, name='adjust_inventory'),
                                    ^^^^^^^^^^^^^^^^^^^^^^
AttributeError: module 'data.views' has no attribute 'adjust_inventory'
D:\Thesis\Hoes\Sheba\SME\backend\data\views.py changed, reloading.
Performing system checks...

Watching for file changes with StatReloader
D:\Thesis\Hoes\Sheba\SME\backend\data\views.py changed, reloading.
Performing system checks...

System check identified no issues (0 silenced).
November 08, 2025 - 01:00:03
Django version 5.2.7, using settings 'project.settings'
Starting development server at http://0.0.0.0:8000/
Quit the server with CTRL-BREAK.

WARNING: This is a development server. Do not use it in a production setting. Use a production WSGI or ASGI server instead.
For more information on production servers see: https://docs.djangoproject.com/en/5.2/howto/deployment/
Watching for file changes with StatReloader
D:\Thesis\Hoes\Sheba\SME\backend\data\views.py changed, reloading.
Performing system checks...

System check identified no issues (0 silenced).
November 08, 2025 - 01:00:20
Django version 5.2.7, using settings 'project.settings'
Starting development server at http://0.0.0.0:8000/
Quit the server with CTRL-BREAK.

WARNING: This is a development server. Do not use it in a production setting. Use a production WSGI or ASGI server instead.
For more information on production servers see: https://docs.djangoproject.com/en/5.2/howto/deployment/
Watching for file changes with StatReloader
D:\Thesis\Hoes\Sheba\SME\backend\data\views.py changed, reloading.
Performing system checks...

System check identified no issues (0 silenced).
November 08, 2025 - 01:00:45
Django version 5.2.7, using settings 'project.settings'
Starting development server at http://0.0.0.0:8000/
Quit the server with CTRL-BREAK.

WARNING: This is a development server. Do not use it in a production setting. Use a production WSGI or ASGI server instead.
For more information on production servers see: https://docs.djangoproject.com/en/5.2/howto/deployment/
Watching for file changes with StatReloader
D:\Thesis\Hoes\Sheba\SME\backend\data\serializers.py changed, reloading.
Performing system checks...

System check identified no issues (0 silenced).
November 08, 2025 - 01:07:50
Django version 5.2.7, using settings 'project.settings'
Starting development server at http://0.0.0.0:8000/
Quit the server with CTRL-BREAK.

WARNING: This is a development server. Do not use it in a production setting. Use a production WSGI or ASGI server instead.
For more information on production servers see: https://docs.djangoproject.com/en/5.2/howto/deployment/
Watching for file changes with StatReloader
D:\Thesis\Hoes\Sheba\SME\backend\data\serializers.py changed, reloading.
Performing system checks...

System check identified no issues (0 silenced).
November 08, 2025 - 02:13:55
Django version 5.2.7, using settings 'project.settings'
Starting development server at http://0.0.0.0:8000/
Quit the server with CTRL-BREAK.

WARNING: This is a development server. Do not use it in a production setting. Use a production WSGI or ASGI server instead.
For more information on production servers see: https://docs.djangoproject.com/en/5.2/howto/deployment/
Watching for file changes with StatReloader
D:\Thesis\Hoes\Sheba\SME\backend\data\serializers.py changed, reloading.
Performing system checks...

System check identified no issues (0 silenced).
November 08, 2025 - 02:16:44
Django version 5.2.7, using settings 'project.settings'
Starting development server at http://0.0.0.0:8000/
Quit the server with CTRL-BREAK.

WARNING: This is a development server. Do not use it in a production setting. Use a production WSGI or ASGI server instead.
For more information on production servers see: https://docs.djangoproject.com/en/5.2/howto/deployment/
Watching for file changes with StatReloader
D:\Thesis\Hoes\Sheba\SME\backend\data\serializers.py changed, reloading.
Performing system checks...

System check identified no issues (0 silenced).
November 08, 2025 - 02:19:13
Django version 5.2.7, using settings 'project.settings'
Starting development server at http://0.0.0.0:8000/
Quit the server with CTRL-BREAK.

WARNING: This is a development server. Do not use it in a production setting. Use a production WSGI or ASGI server instead.
For more information on production servers see: https://docs.djangoproject.com/en/5.2/howto/deployment/
Watching for file changes with StatReloader
